kotlin version: 2.1.10
error message: org.jetbrains.kotlin.backend.common.BackendException: Backend Internal error: Exception during IR lowering
File being compiled: /Users/mahmoudhadad/AndroidStudioProjects/MyMultiModuleApplication1/products_list_search/src/main/java/com/mf/products_list_search/presentation/screens/SearchProductsScreen.kt
The root cause java.lang.RuntimeException was thrown at: org.jetbrains.kotlin.backend.jvm.codegen.FunctionCodegen.generate(FunctionCodegen.kt:48)
	at org.jetbrains.kotlin.backend.common.CodegenUtil.reportBackendException(CodegenUtil.kt:253)
	at org.jetbrains.kotlin.backend.common.CodegenUtil.reportBackendException$default(CodegenUtil.kt:236)
	at org.jetbrains.kotlin.backend.common.phaser.PerformByIrFilePhase.invokeSequential(performByIrFile.kt:55)
	at org.jetbrains.kotlin.backend.common.phaser.PerformByIrFilePhase.invoke(performByIrFile.kt:42)
	at org.jetbrains.kotlin.backend.common.phaser.PerformByIrFilePhase.invoke(performByIrFile.kt:28)
	at org.jetbrains.kotlin.backend.common.phaser.NamedCompilerPhase.phaseBody(CompilerPhase.kt:166)
	at org.jetbrains.kotlin.backend.common.phaser.AbstractNamedCompilerPhase.invoke(CompilerPhase.kt:113)
	at org.jetbrains.kotlin.backend.common.phaser.CompositePhase.invoke(PhaseBuilders.kt:27)
	at org.jetbrains.kotlin.backend.common.phaser.CompositePhase.invoke(PhaseBuilders.kt:14)
	at org.jetbrains.kotlin.backend.common.phaser.NamedCompilerPhase.phaseBody(CompilerPhase.kt:166)
	at org.jetbrains.kotlin.backend.common.phaser.AbstractNamedCompilerPhase.invoke(CompilerPhase.kt:113)
	at org.jetbrains.kotlin.backend.common.phaser.CompilerPhaseKt.invokeToplevel(CompilerPhase.kt:62)
	at org.jetbrains.kotlin.backend.jvm.JvmIrCodegenFactory.invokeCodegen(JvmIrCodegenFactory.kt:371)
	at org.jetbrains.kotlin.codegen.CodegenFactory.generateModule(CodegenFactory.kt:47)
	at org.jetbrains.kotlin.backend.jvm.JvmIrCodegenFactory.generateModuleInFrontendIRMode(JvmIrCodegenFactory.kt:433)
	at org.jetbrains.kotlin.cli.jvm.compiler.pipeline.JvmCompilerPipelineKt.generateCodeFromIr(jvmCompilerPipeline.kt:192)
	at org.jetbrains.kotlin.cli.jvm.compiler.pipeline.JvmCompilerPipelineKt.runBackend(jvmCompilerPipeline.kt:80)
	at org.jetbrains.kotlin.cli.jvm.compiler.pipeline.JvmCompilerPipelineLightTreeKt.compileModule(jvmCompilerPipelineLightTree.kt:264)
	at org.jetbrains.kotlin.cli.jvm.compiler.pipeline.JvmCompilerPipelineLightTreeKt.compileSingleModuleUsingFrontendIrAndLightTree(jvmCompilerPipelineLightTree.kt:231)
	at org.jetbrains.kotlin.cli.jvm.compiler.pipeline.JvmCompilerPipelineLightTreeKt.compileModulesUsingFrontendIrAndLightTree(jvmCompilerPipelineLightTree.kt:86)
	at org.jetbrains.kotlin.cli.jvm.K2JVMCompiler.doExecute(K2JVMCompiler.kt:146)
	at org.jetbrains.kotlin.cli.jvm.K2JVMCompiler.doExecute(K2JVMCompiler.kt:43)
	at org.jetbrains.kotlin.cli.common.CLICompiler.execImpl(CLICompiler.kt:102)
	at org.jetbrains.kotlin.cli.common.CLICompiler.exec(CLICompiler.kt:316)
	at org.jetbrains.kotlin.incremental.IncrementalJvmCompilerRunner.runCompiler(IncrementalJvmCompilerRunner.kt:464)
	at org.jetbrains.kotlin.incremental.IncrementalJvmCompilerRunner.runCompiler(IncrementalJvmCompilerRunner.kt:73)
	at org.jetbrains.kotlin.incremental.IncrementalCompilerRunner.doCompile(IncrementalCompilerRunner.kt:506)
	at org.jetbrains.kotlin.incremental.IncrementalCompilerRunner.compileImpl(IncrementalCompilerRunner.kt:423)
	at org.jetbrains.kotlin.incremental.IncrementalCompilerRunner.compileNonIncrementally(IncrementalCompilerRunner.kt:301)
	at org.jetbrains.kotlin.incremental.IncrementalCompilerRunner.compile(IncrementalCompilerRunner.kt:129)
	at org.jetbrains.kotlin.daemon.CompileServiceImplBase.execIncrementalCompiler(CompileServiceImpl.kt:683)
	at org.jetbrains.kotlin.daemon.CompileServiceImplBase.access$execIncrementalCompiler(CompileServiceImpl.kt:91)
	at org.jetbrains.kotlin.daemon.CompileServiceImpl.compile(CompileServiceImpl.kt:1811)
	at java.base/jdk.internal.reflect.DirectMethodHandleAccessor.invoke(Unknown Source)
	at java.base/java.lang.reflect.Method.invoke(Unknown Source)
	at java.rmi/sun.rmi.server.UnicastServerRef.dispatch(Unknown Source)
	at java.rmi/sun.rmi.transport.Transport$1.run(Unknown Source)
	at java.rmi/sun.rmi.transport.Transport$1.run(Unknown Source)
	at java.base/java.security.AccessController.doPrivileged(Unknown Source)
	at java.rmi/sun.rmi.transport.Transport.serviceCall(Unknown Source)
	at java.rmi/sun.rmi.transport.tcp.TCPTransport.handleMessages(Unknown Source)
	at java.rmi/sun.rmi.transport.tcp.TCPTransport$ConnectionHandler.run0(Unknown Source)
	at java.rmi/sun.rmi.transport.tcp.TCPTransport$ConnectionHandler.lambda$run$0(Unknown Source)
	at java.base/java.security.AccessController.doPrivileged(Unknown Source)
	at java.rmi/sun.rmi.transport.tcp.TCPTransport$ConnectionHandler.run(Unknown Source)
	at java.base/java.util.concurrent.ThreadPoolExecutor.runWorker(Unknown Source)
	at java.base/java.util.concurrent.ThreadPoolExecutor$Worker.run(Unknown Source)
	at java.base/java.lang.Thread.run(Unknown Source)
Caused by: java.lang.RuntimeException: Exception while generating code for:
FUN name:SearchProductsScreen visibility:public modality:FINAL <> (modifier:androidx.compose.ui.Modifier) returnType:kotlin.Unit
  annotations:
    Composable
  VALUE_PARAMETER name:modifier index:0 type:androidx.compose.ui.Modifier
  BLOCK_BODY
    VAR name:productsListScreenViewModel type:com.mf.products_list_search.presentation.viewModels.ProductsSearchViewModel [val]
      TYPE_OP type=com.mf.products_list_search.presentation.viewModels.ProductsSearchViewModel origin=IMPLICIT_CAST typeOperand=com.mf.products_list_search.presentation.viewModels.ProductsSearchViewModel
        CALL 'public final fun hiltViewModel$default <VM> (viewModelStoreOwner: androidx.lifecycle.ViewModelStoreOwner?, key: kotlin.String?, $mask0: kotlin.Int, $handler: kotlin.Any?): VM of androidx.hilt.navigation.compose.HiltViewModelKt.hiltViewModel$default [inline] declared in androidx.hilt.navigation.compose.HiltViewModelKt' type=VM of androidx.hilt.navigation.compose.HiltViewModelKt.hiltViewModel$default origin=DEFAULT_DISPATCH_CALL
          <VM>: com.mf.products_list_search.presentation.viewModels.ProductsSearchViewModel
          viewModelStoreOwner: COMPOSITE type=androidx.lifecycle.ViewModelStoreOwner? origin=DEFAULT_VALUE
            CONST Null type=androidx.lifecycle.ViewModelStoreOwner? value=null
          key: COMPOSITE type=kotlin.String? origin=DEFAULT_VALUE
            CONST Null type=kotlin.String? value=null
          $mask0: CONST Int type=kotlin.Int value=3
          $handler: CONST Null type=kotlin.Any? value=null
    VAR name:productsFLow type:androidx.compose.runtime.State<com.mf.products_list_search.domain.models.ProductsSearchUiStates<*>> [val]
      TYPE_OP type=androidx.compose.runtime.State<com.mf.products_list_search.domain.models.ProductsSearchUiStates<*>> origin=IMPLICIT_CAST typeOperand=androidx.compose.runtime.State<com.mf.products_list_search.domain.models.ProductsSearchUiStates<*>>
        CALL 'public final fun collectAsStateWithLifecycle$default <T> (initialValue: T of androidx.lifecycle.compose.FlowExtKt.collectAsStateWithLifecycle$default, lifecycleOwner: androidx.lifecycle.LifecycleOwner?, minActiveState: androidx.lifecycle.Lifecycle.State?, context: kotlin.coroutines.CoroutineContext?, $mask0: kotlin.Int, $handler: kotlin.Any?): androidx.compose.runtime.State<T of androidx.lifecycle.compose.FlowExtKt.collectAsStateWithLifecycle$default> declared in androidx.lifecycle.compose.FlowExtKt' type=androidx.compose.runtime.State<T of androidx.lifecycle.compose.FlowExtKt.collectAsStateWithLifecycle$default> origin=DEFAULT_DISPATCH_CALL
          <T>: com.mf.products_list_search.domain.models.ProductsSearchUiStates<*>
          $receiver: CALL 'public final fun <get-productsFlow> (): kotlinx.coroutines.flow.SharedFlow<com.mf.products_list_search.domain.models.ProductsSearchUiStates<*>> declared in com.mf.products_list_search.presentation.viewModels.ProductsSearchViewModel' type=kotlinx.coroutines.flow.SharedFlow<com.mf.products_list_search.domain.models.ProductsSearchUiStates<*>> origin=GET_PROPERTY
            $this: GET_VAR 'val productsListScreenViewModel: com.mf.products_list_search.presentation.viewModels.ProductsSearchViewModel [val] declared in com.mf.products_list_search.presentation.screens.SearchProductsScreenKt.SearchProductsScreen' type=com.mf.products_list_search.presentation.viewModels.ProductsSearchViewModel origin=null
          initialValue: GET_FIELD 'FIELD FIELD_FOR_OBJECT_INSTANCE name:INSTANCE type:com.mf.products_list_search.domain.models.ProductsSearchUiStates.DataLoading visibility:public [final,static] declared in com.mf.products_list_search.domain.models.ProductsSearchUiStates.DataLoading' type=com.mf.products_list_search.domain.models.ProductsSearchUiStates.DataLoading origin=null
          lifecycleOwner: COMPOSITE type=androidx.lifecycle.LifecycleOwner? origin=DEFAULT_VALUE
            CONST Null type=androidx.lifecycle.LifecycleOwner? value=null
          minActiveState: COMPOSITE type=androidx.lifecycle.Lifecycle.State? origin=DEFAULT_VALUE
            CONST Null type=androidx.lifecycle.Lifecycle.State? value=null
          context: COMPOSITE type=kotlin.coroutines.CoroutineContext? origin=DEFAULT_VALUE
            CONST Null type=kotlin.coroutines.CoroutineContext? value=null
          $mask0: CONST Int type=kotlin.Int value=14
          $handler: CONST Null type=kotlin.Any? value=null
    VAR PROPERTY_DELEGATE name:execSearch$delegate type:androidx.compose.runtime.MutableState<kotlin.Boolean> [val]
      TYPE_OP type=androidx.compose.runtime.MutableState<kotlin.Boolean> origin=IMPLICIT_CAST typeOperand=androidx.compose.runtime.MutableState<kotlin.Boolean>
        CALL 'public final fun rememberSaveable$default <T> (vararg inputs: kotlin.Any?, saver: androidx.compose.runtime.saveable.Saver<T of androidx.compose.runtime.saveable.RememberSaveableKt.rememberSaveable$default, out kotlin.Any>?, key: kotlin.String?, init: kotlin.Function0<T of androidx.compose.runtime.saveable.RememberSaveableKt.rememberSaveable$default>, $mask0: kotlin.Int, $handler: kotlin.Any?): T of androidx.compose.runtime.saveable.RememberSaveableKt.rememberSaveable$default declared in androidx.compose.runtime.saveable.RememberSaveableKt' type=T of androidx.compose.runtime.saveable.RememberSaveableKt.rememberSaveable$default origin=DEFAULT_DISPATCH_CALL
          <T>: androidx.compose.runtime.MutableState<kotlin.Boolean>
          inputs: CALL 'public final fun arrayOfNulls <T> (size: kotlin.Int): kotlin.Array<T of kotlin.arrayOfNulls?> declared in kotlin' type=kotlin.Array<out kotlin.Any?> origin=null
            <T>: kotlin.Any?
            size: CONST Int type=kotlin.Int value=0
          saver: COMPOSITE type=androidx.compose.runtime.saveable.Saver<T of androidx.compose.runtime.saveable.RememberSaveableKt.rememberSaveable$default, out kotlin.Any>? origin=DEFAULT_VALUE
            CONST Null type=androidx.compose.runtime.saveable.Saver<T of androidx.compose.runtime.saveable.RememberSaveableKt.rememberSaveable$default, out kotlin.Any>? value=null
          key: COMPOSITE type=kotlin.String? origin=DEFAULT_VALUE
            CONST Null type=kotlin.String? value=null
          init: BLOCK type=kotlin.Function0<androidx.compose.runtime.MutableState<kotlin.Boolean>> origin=LAMBDA
            COMPOSITE type=kotlin.Unit origin=null
            CALL 'public final fun <jvm-indy> <T> (dynamicCall: T of kotlin.jvm.internal.<jvm-indy>, bootstrapMethodHandle: kotlin.Any, vararg bootstrapMethodArguments: kotlin.Any): T of kotlin.jvm.internal.<jvm-indy> declared in kotlin.jvm.internal' type=kotlin.Function0<androidx.compose.runtime.MutableState<kotlin.Boolean>> origin=null
              <T>: kotlin.Function0<androidx.compose.runtime.MutableState<kotlin.Boolean>>
              dynamicCall: CALL 'public final fun invoke (): kotlin.Function0<androidx.compose.runtime.MutableState<kotlin.Boolean>> declared in kotlin.jvm.internal.invokeDynamic' type=kotlin.Function0<androidx.compose.runtime.MutableState<kotlin.Boolean>> origin=null
              bootstrapMethodHandle: CALL 'public final fun <jvm-method-handle> (tag: kotlin.Int, owner: kotlin.String, name: kotlin.String, descriptor: kotlin.String, isInterface: kotlin.Boolean): kotlin.Any declared in kotlin.jvm.internal' type=kotlin.Any origin=null
                tag: CONST Int type=kotlin.Int value=6
                owner: CONST String type=kotlin.String value="java/lang/invoke/LambdaMetafactory"
                name: CONST String type=kotlin.String value="metafactory"
                descriptor: CONST String type=kotlin.String value="(Ljava/lang/invoke/MethodHandles$Lookup;Ljava/lang/String;Ljava/lang/invoke/MethodType;Ljava/lang/invoke/MethodType;Ljava/lang/invoke/MethodHandle;Ljava/lang/invoke/MethodType;)Ljava/lang/invoke/CallSite;"
                isInterface: CONST Boolean type=kotlin.Boolean value=false
              bootstrapMethodArguments: VARARG type=kotlin.Array<kotlin.Any> varargElementType=kotlin.Any
                CALL 'public final fun <jvm-original-method-type> (method: kotlin.Any): kotlin.Any declared in kotlin.jvm.internal' type=kotlin.Any origin=null
                  method: RAW_FUNCTION_REFERENCE 'public abstract fun invoke (): R of kotlin.Function0 [operator] declared in kotlin.Function0' type=kotlin.Any
                RAW_FUNCTION_REFERENCE 'private final fun SearchProductsScreen$lambda$0 (): androidx.compose.runtime.MutableState<kotlin.Boolean> declared in com.mf.products_list_search.presentation.screens.SearchProductsScreenKt' type=kotlin.Any
                CALL 'public final fun <jvm-original-method-type> (method: kotlin.Any): kotlin.Any declared in kotlin.jvm.internal' type=kotlin.Any origin=null
                  method: RAW_FUNCTION_REFERENCE 'public abstract fun invoke (): androidx.compose.runtime.MutableState<kotlin.Boolean> [fake_override,operator] declared in kotlin.jvm.internal.invokeDynamic.<fake>' type=kotlin.Any
          $mask0: CONST Int type=kotlin.Int value=6
          $handler: CONST Null type=kotlin.Any? value=null
    VAR name:execSearchState type:androidx.compose.runtime.State<kotlin.Boolean> [var]
      CALL 'public final fun rememberUpdatedState <T> (newValue: T of androidx.compose.runtime.SnapshotStateKt.rememberUpdatedState): androidx.compose.runtime.State<T of androidx.compose.runtime.SnapshotStateKt.rememberUpdatedState> declared in androidx.compose.runtime.SnapshotStateKt' type=androidx.compose.runtime.State<kotlin.Boolean> origin=null
        <T>: kotlin.Boolean
        newValue: CALL 'private final fun SearchProductsScreen$lambda$1 ($execSearch$delegate: androidx.compose.runtime.MutableState<kotlin.Boolean>): kotlin.Boolean declared in com.mf.products_list_search.presentation.screens.SearchProductsScreenKt' type=kotlin.Boolean origin=GET_LOCAL_PROPERTY
          $execSearch$delegate: GET_VAR 'val execSearch$delegate: androidx.compose.runtime.MutableState<kotlin.Boolean> [val] declared in com.mf.products_list_search.presentation.screens.SearchProductsScreenKt.SearchProductsScreen' type=androidx.compose.runtime.MutableState<kotlin.Boolean> origin=null
    VAR PROPERTY_DELEGATE name:searchQuery$delegate type:androidx.compose.runtime.MutableState<kotlin.String> [val]
      TYPE_OP type=androidx.compose.runtime.MutableState<kotlin.String> origin=IMPLICIT_CAST typeOperand=androidx.compose.runtime.MutableState<kotlin.String>
        CALL 'public final fun rememberSaveable$default <T> (vararg inputs: kotlin.Any?, saver: androidx.compose.runtime.saveable.Saver<T of androidx.compose.runtime.saveable.RememberSaveableKt.rememberSaveable$default, out kotlin.Any>?, key: kotlin.String?, init: kotlin.Function0<T of androidx.compose.runtime.saveable.RememberSaveableKt.rememberSaveable$default>, $mask0: kotlin.Int, $handler: kotlin.Any?): T of androidx.compose.runtime.saveable.RememberSaveableKt.rememberSaveable$default declared in androidx.compose.runtime.saveable.RememberSaveableKt' type=T of androidx.compose.runtime.saveable.RememberSaveableKt.rememberSaveable$default origin=DEFAULT_DISPATCH_CALL
          <T>: androidx.compose.runtime.MutableState<kotlin.String>
          inputs: CALL 'public final fun arrayOfNulls <T> (size: kotlin.Int): kotlin.Array<T of kotlin.arrayOfNulls?> declared in kotlin' type=kotlin.Array<out kotlin.Any?> origin=null
            <T>: kotlin.Any?
            size: CONST Int type=kotlin.Int value=0
          saver: COMPOSITE type=androidx.compose.runtime.saveable.Saver<T of androidx.compose.runtime.saveable.RememberSaveableKt.rememberSaveable$default, out kotlin.Any>? origin=DEFAULT_VALUE
            CONST Null type=androidx.compose.runtime.saveable.Saver<T of androidx.compose.runtime.saveable.RememberSaveableKt.rememberSaveable$default, out kotlin.Any>? value=null
          key: COMPOSITE type=kotlin.String? origin=DEFAULT_VALUE
            CONST Null type=kotlin.String? value=null
          init: BLOCK type=kotlin.Function0<androidx.compose.runtime.MutableState<kotlin.String>> origin=LAMBDA
            COMPOSITE type=kotlin.Unit origin=null
            CALL 'public final fun <jvm-indy> <T> (dynamicCall: T of kotlin.jvm.internal.<jvm-indy>, bootstrapMethodHandle: kotlin.Any, vararg bootstrapMethodArguments: kotlin.Any): T of kotlin.jvm.internal.<jvm-indy> declared in kotlin.jvm.internal' type=kotlin.Function0<androidx.compose.runtime.MutableState<kotlin.String>> origin=null
              <T>: kotlin.Function0<androidx.compose.runtime.MutableState<kotlin.String>>
              dynamicCall: CALL 'public final fun invoke (): kotlin.Function0<androidx.compose.runtime.MutableState<kotlin.String>> declared in kotlin.jvm.internal.invokeDynamic' type=kotlin.Function0<androidx.compose.runtime.MutableState<kotlin.String>> origin=null
              bootstrapMethodHandle: CALL 'public final fun <jvm-method-handle> (tag: kotlin.Int, owner: kotlin.String, name: kotlin.String, descriptor: kotlin.String, isInterface: kotlin.Boolean): kotlin.Any declared in kotlin.jvm.internal' type=kotlin.Any origin=null
                tag: CONST Int type=kotlin.Int value=6
                owner: CONST String type=kotlin.String value="java/lang/invoke/LambdaMetafactory"
                name: CONST String type=kotlin.String value="metafactory"
                descriptor: CONST String type=kotlin.String value="(Ljava/lang/invoke/MethodHandles$Lookup;Ljava/lang/String;Ljava/lang/invoke/MethodType;Ljava/lang/invoke/MethodType;Ljava/lang/invoke/MethodHandle;Ljava/lang/invoke/MethodType;)Ljava/lang/invoke/CallSite;"
                isInterface: CONST Boolean type=kotlin.Boolean value=false
              bootstrapMethodArguments: VARARG type=kotlin.Array<kotlin.Any> varargElementType=kotlin.Any
                CALL 'public final fun <jvm-original-method-type> (method: kotlin.Any): kotlin.Any declared in kotlin.jvm.internal' type=kotlin.Any origin=null
                  method: RAW_FUNCTION_REFERENCE 'public abstract fun invoke (): R of kotlin.Function0 [operator] declared in kotlin.Function0' type=kotlin.Any
                RAW_FUNCTION_REFERENCE 'private final fun SearchProductsScreen$lambda$3 (): androidx.compose.runtime.MutableState<kotlin.String> declared in com.mf.products_list_search.presentation.screens.SearchProductsScreenKt' type=kotlin.Any
                CALL 'public final fun <jvm-original-method-type> (method: kotlin.Any): kotlin.Any declared in kotlin.jvm.internal' type=kotlin.Any origin=null
                  method: RAW_FUNCTION_REFERENCE 'public abstract fun invoke (): androidx.compose.runtime.MutableState<kotlin.String> [fake_override,operator] declared in kotlin.jvm.internal.invokeDynamic.<fake>' type=kotlin.Any
          $mask0: CONST Int type=kotlin.Int value=6
          $handler: CONST Null type=kotlin.Any? value=null
    CALL 'public final fun LaunchedEffect (key1: kotlin.Any?, block: @[ExtensionFunctionType] kotlin.coroutines.SuspendFunction1<kotlinx.coroutines.CoroutineScope, kotlin.Unit>): kotlin.Unit declared in androidx.compose.runtime.EffectsKt' type=kotlin.Unit origin=null
      key1: GET_FIELD 'FIELD FIELD_FOR_OBJECT_INSTANCE name:INSTANCE type:kotlin.Unit visibility:public [final,static] declared in kotlin.Unit' type=kotlin.Unit origin=null
      block: BLOCK type=com.mf.products_list_search.presentation.screens.SearchProductsScreenKt.SearchProductsScreen.<no name provided> origin=null
        CLASS SUSPEND_LAMBDA CLASS name:<no name provided> modality:FINAL visibility:public/*package*/ superTypes:[kotlin.coroutines.jvm.internal.SuspendLambda; kotlin.jvm.functions.Function2<kotlinx.coroutines.CoroutineScope, kotlin.coroutines.Continuation<kotlin.Unit>?, kotlin.Any?>]
          $this: VALUE_PARAMETER INSTANCE_RECEIVER name:<this> type:com.mf.products_list_search.presentation.screens.SearchProductsScreenKt.SearchProductsScreen.<no name provided>
          FIELD name:label type:kotlin.Int visibility:public/*package*/
          CONSTRUCTOR SUSPEND_LAMBDA visibility:public/*package*/ <> ($productsListScreenViewModel:com.mf.products_list_search.presentation.viewModels.ProductsSearchViewModel, $completion:kotlin.coroutines.Continuation<com.mf.products_list_search.presentation.screens.SearchProductsScreenKt.SearchProductsScreen.<no name provided>>?) returnType:com.mf.products_list_search.presentation.screens.SearchProductsScreenKt.SearchProductsScreen.<no name provided> [primary]
            VALUE_PARAMETER BOUND_VALUE_PARAMETER name:$productsListScreenViewModel index:0 type:com.mf.products_list_search.presentation.viewModels.ProductsSearchViewModel
            VALUE_PARAMETER name:$completion index:1 type:kotlin.coroutines.Continuation<com.mf.products_list_search.presentation.screens.SearchProductsScreenKt.SearchProductsScreen.<no name provided>>?
            BLOCK_BODY
              SET_FIELD 'FIELD FIELD_FOR_CAPTURED_VALUE name:$productsListScreenViewModel type:com.mf.products_list_search.presentation.viewModels.ProductsSearchViewModel visibility:public/*package*/ [final] declared in com.mf.products_list_search.presentation.screens.SearchProductsScreenKt.SearchProductsScreen.<no name provided>' type=kotlin.Unit origin=INITIALIZER_OF_FIELD_FOR_CAPTURED_VALUE
                receiver: GET_VAR '<this>: com.mf.products_list_search.presentation.screens.SearchProductsScreenKt.SearchProductsScreen.<no name provided> declared in com.mf.products_list_search.presentation.screens.SearchProductsScreenKt.SearchProductsScreen.<no name provided>' type=com.mf.products_list_search.presentation.screens.SearchProductsScreenKt.SearchProductsScreen.<no name provided> origin=null
                value: GET_VAR '$productsListScreenViewModel: com.mf.products_list_search.presentation.viewModels.ProductsSearchViewModel declared in com.mf.products_list_search.presentation.screens.SearchProductsScreenKt.SearchProductsScreen.<no name provided>.<init>' type=com.mf.products_list_search.presentation.viewModels.ProductsSearchViewModel origin=null
              DELEGATING_CONSTRUCTOR_CALL 'public constructor <init> (arity: kotlin.Int, $completion: kotlin.coroutines.Continuation<kotlin.Any?>?) declared in kotlin.coroutines.jvm.internal.SuspendLambda'
                arity: CONST Int type=kotlin.Int value=2
                $completion: GET_VAR '$completion: kotlin.coroutines.Continuation<com.mf.products_list_search.presentation.screens.SearchProductsScreenKt.SearchProductsScreen.<no name provided>>? declared in com.mf.products_list_search.presentation.screens.SearchProductsScreenKt.SearchProductsScreen.<no name provided>.<init>' type=kotlin.coroutines.Continuation<com.mf.products_list_search.presentation.screens.SearchProductsScreenKt.SearchProductsScreen.<no name provided>>? origin=null
              BLOCK type=kotlin.Unit origin=null
          FUN name:invokeSuspend visibility:public modality:FINAL <> ($this:com.mf.products_list_search.presentation.screens.SearchProductsScreenKt.SearchProductsScreen.<no name provided>, $result:kotlin.Result<kotlin.Any?>) returnType:kotlin.Any?
            overridden:
              protected abstract fun invokeSuspend ($result: kotlin.Result<kotlin.Any?>): kotlin.Any? declared in kotlin.coroutines.jvm.internal.SuspendLambda
            $this: VALUE_PARAMETER INSTANCE_RECEIVER name:<this> type:com.mf.products_list_search.presentation.screens.SearchProductsScreenKt.SearchProductsScreen.<no name provided>
            VALUE_PARAMETER name:$result index:0 type:kotlin.Result<kotlin.Any?>
            BLOCK_BODY
              CALL 'public final fun getAllProducts (limit: kotlin.Int): kotlin.Unit declared in com.mf.products_list_search.presentation.viewModels.ProductsSearchViewModel' type=kotlin.Unit origin=null
                $this: GET_FIELD 'FIELD FIELD_FOR_CAPTURED_VALUE name:$productsListScreenViewModel type:com.mf.products_list_search.presentation.viewModels.ProductsSearchViewModel visibility:public/*package*/ [final] declared in com.mf.products_list_search.presentation.screens.SearchProductsScreenKt.SearchProductsScreen.<no name provided>' type=com.mf.products_list_search.presentation.viewModels.ProductsSearchViewModel origin=null
                  receiver: GET_VAR '<this>: com.mf.products_list_search.presentation.screens.SearchProductsScreenKt.SearchProductsScreen.<no name provided> declared in com.mf.products_list_search.presentation.screens.SearchProductsScreenKt.SearchProductsScreen.<no name provided>.invokeSuspend' type=com.mf.products_list_search.presentation.screens.SearchProductsScreenKt.SearchProductsScreen.<no name provided> origin=null
                limit: CONST Int type=kotlin.Int value=0
          FUN name:create visibility:public modality:FINAL <> ($this:com.mf.products_list_search.presentation.screens.SearchProductsScreenKt.SearchProductsScreen.<no name provided>, value:kotlin.Any?, $completion:kotlin.coroutines.Continuation<kotlin.Nothing>) returnType:kotlin.coroutines.Continuation<kotlin.Unit>
            overridden:
              public open fun create (value: kotlin.Any?, $completion: kotlin.coroutines.Continuation<kotlin.Nothing>): kotlin.coroutines.Continuation<kotlin.Unit> declared in kotlin.coroutines.jvm.internal.SuspendLambda
            $this: VALUE_PARAMETER INSTANCE_RECEIVER name:<this> type:com.mf.products_list_search.presentation.screens.SearchProductsScreenKt.SearchProductsScreen.<no name provided>
            VALUE_PARAMETER name:value index:0 type:kotlin.Any?
            VALUE_PARAMETER name:$completion index:1 type:kotlin.coroutines.Continuation<kotlin.Nothing>
            BLOCK_BODY
              RETURN type=kotlin.Nothing from='public final fun create (value: kotlin.Any?, $completion: kotlin.coroutines.Continuation<kotlin.Nothing>): kotlin.coroutines.Continuation<kotlin.Unit> declared in com.mf.products_list_search.presentation.screens.SearchProductsScreenKt.SearchProductsScreen.<no name provided>'
                CONSTRUCTOR_CALL 'public/*package*/ constructor <init> ($productsListScreenViewModel: com.mf.products_list_search.presentation.viewModels.ProductsSearchViewModel, $completion: kotlin.coroutines.Continuation<com.mf.products_list_search.presentation.screens.SearchProductsScreenKt.SearchProductsScreen.<no name provided>>?) [primary] declared in com.mf.products_list_search.presentation.screens.SearchProductsScreenKt.SearchProductsScreen.<no name provided>' type=com.mf.products_list_search.presentation.screens.SearchProductsScreenKt.SearchProductsScreen.<no name provided> origin=null
                  $productsListScreenViewModel: GET_FIELD 'FIELD FIELD_FOR_CAPTURED_VALUE name:$productsListScreenViewModel type:com.mf.products_list_search.presentation.viewModels.ProductsSearchViewModel visibility:public/*package*/ [final] declared in com.mf.products_list_search.presentation.screens.SearchProductsScreenKt.SearchProductsScreen.<no name provided>' type=com.mf.products_list_search.presentation.viewModels.ProductsSearchViewModel origin=null
                    receiver: GET_VAR '<this>: com.mf.products_list_search.presentation.screens.SearchProductsScreenKt.SearchProductsScreen.<no name provided> declared in com.mf.products_list_search.presentation.screens.SearchProductsScreenKt.SearchProductsScreen.<no name provided>.create' type=com.mf.products_list_search.presentation.screens.SearchProductsScreenKt.SearchProductsScreen.<no name provided> origin=null
                  $completion: GET_VAR '$completion: kotlin.coroutines.Continuation<kotlin.Nothing> declared in com.mf.products_list_search.presentation.screens.SearchProductsScreenKt.SearchProductsScreen.<no name provided>.create' type=kotlin.coroutines.Continuation<kotlin.Nothing> origin=null
          FUN name:invoke visibility:public modality:FINAL <> ($this:com.mf.products_list_search.presentation.screens.SearchProductsScreenKt.SearchProductsScreen.<no name provided>, p1:kotlinx.coroutines.CoroutineScope, p2:kotlin.coroutines.Continuation<kotlin.Unit>?) returnType:kotlin.Any?
            overridden:
              public abstract fun invoke (p1: P1 of kotlin.jvm.functions.Function2, p2: P2 of kotlin.jvm.functions.Function2): R of kotlin.jvm.functions.Function2 declared in kotlin.jvm.functions.Function2
            $this: VALUE_PARAMETER INSTANCE_RECEIVER name:<this> type:com.mf.products_list_search.presentation.screens.SearchProductsScreenKt.SearchProductsScreen.<no name provided>
            VALUE_PARAMETER name:p1 index:0 type:kotlinx.coroutines.CoroutineScope
            VALUE_PARAMETER name:p2 index:1 type:kotlin.coroutines.Continuation<kotlin.Unit>?
            BLOCK_BODY
              RETURN type=kotlin.Nothing from='public final fun invoke (p1: kotlinx.coroutines.CoroutineScope, p2: kotlin.coroutines.Continuation<kotlin.Unit>?): kotlin.Any? declared in com.mf.products_list_search.presentation.screens.SearchProductsScreenKt.SearchProductsScreen.<no name provided>'
                CALL 'public final fun invokeSuspend ($result: kotlin.Result<kotlin.Any?>): kotlin.Any? declared in com.mf.products_list_search.presentation.screens.SearchProductsScreenKt.SearchProductsScreen.<no name provided>' type=kotlin.Any? origin=null
                  $this: TYPE_OP type=com.mf.products_list_search.presentation.screens.SearchProductsScreenKt.SearchProductsScreen.<no name provided> origin=IMPLICIT_CAST typeOperand=com.mf.products_list_search.presentation.screens.SearchProductsScreenKt.SearchProductsScreen.<no name provided>
                    CALL 'public final fun create (value: kotlin.Any?, $completion: kotlin.coroutines.Continuation<kotlin.Nothing>): kotlin.coroutines.Continuation<kotlin.Unit> declared in com.mf.products_list_search.presentation.screens.SearchProductsScreenKt.SearchProductsScreen.<no name provided>' type=kotlin.coroutines.Continuation<kotlin.Unit> origin=null
                      $this: GET_VAR '<this>: com.mf.products_list_search.presentation.screens.SearchProductsScreenKt.SearchProductsScreen.<no name provided> declared in com.mf.products_list_search.presentation.screens.SearchProductsScreenKt.SearchProductsScreen.<no name provided>.invoke' type=com.mf.products_list_search.presentation.screens.SearchProductsScreenKt.SearchProductsScreen.<no name provided> origin=null
                      value: GET_VAR 'p1: kotlinx.coroutines.CoroutineScope declared in com.mf.products_list_search.presentation.screens.SearchProductsScreenKt.SearchProductsScreen.<no name provided>.invoke' type=kotlinx.coroutines.CoroutineScope origin=null
                      $completion: GET_VAR 'p2: kotlin.coroutines.Continuation<kotlin.Unit>? declared in com.mf.products_list_search.presentation.screens.SearchProductsScreenKt.SearchProductsScreen.<no name provided>.invoke' type=kotlin.coroutines.Continuation<kotlin.Unit>? origin=null
                  $result: CALL 'public final fun <unsafe-coerce> <T, R> (v: T of kotlin.jvm.internal.<unsafe-coerce>): R of kotlin.jvm.internal.<unsafe-coerce> declared in kotlin.jvm.internal' type=kotlin.Result<kotlin.Any?> origin=null
                    <T>: kotlin.Any?
                    <R>: kotlin.Result<kotlin.Any?>
                    v: GET_FIELD 'FIELD FIELD_FOR_OBJECT_INSTANCE name:INSTANCE type:kotlin.Unit visibility:public [final,static] declared in kotlin.Unit' type=kotlin.Unit origin=null
          FIELD FIELD_FOR_CAPTURED_VALUE name:$productsListScreenViewModel type:com.mf.products_list_search.presentation.viewModels.ProductsSearchViewModel visibility:public/*package*/ [final]
          FUN BRIDGE name:invoke visibility:public modality:OPEN <> ($this:com.mf.products_list_search.presentation.screens.SearchProductsScreenKt.SearchProductsScreen.<no name provided>, p1:kotlin.Any?, p2:kotlin.Any?) returnType:kotlin.Any?
            $this: VALUE_PARAMETER INSTANCE_RECEIVER name:<this> type:com.mf.products_list_search.presentation.screens.SearchProductsScreenKt.SearchProductsScreen.<no name provided>
            VALUE_PARAMETER BRIDGE name:p1 index:0 type:kotlin.Any?
            VALUE_PARAMETER BRIDGE name:p2 index:1 type:kotlin.Any?
            EXPRESSION_BODY
              RETURN type=kotlin.Nothing from='public open fun invoke (p1: kotlin.Any?, p2: kotlin.Any?): kotlin.Any? declared in com.mf.products_list_search.presentation.screens.SearchProductsScreenKt.SearchProductsScreen.<no name provided>'
                CALL 'public final fun invoke (p1: kotlinx.coroutines.CoroutineScope, p2: kotlin.coroutines.Continuation<kotlin.Unit>?): kotlin.Any? declared in com.mf.products_list_search.presentation.screens.SearchProductsScreenKt.SearchProductsScreen.<no name provided>' type=kotlin.Any? origin=BRIDGE_DELEGATION
                  $this: GET_VAR '<this>: com.mf.products_list_search.presentation.screens.SearchProductsScreenKt.SearchProductsScreen.<no name provided> declared in com.mf.products_list_search.presentation.screens.SearchProductsScreenKt.SearchProductsScreen.<no name provided>.invoke' type=com.mf.products_list_search.presentation.screens.SearchProductsScreenKt.SearchProductsScreen.<no name provided> origin=null
                  p1: TYPE_OP type=kotlinx.coroutines.CoroutineScope origin=IMPLICIT_CAST typeOperand=kotlinx.coroutines.CoroutineScope
                    GET_VAR 'p1: kotlin.Any? declared in com.mf.products_list_search.presentation.screens.SearchProductsScreenKt.SearchProductsScreen.<no name provided>.invoke' type=kotlin.Any? origin=null
                  p2: TYPE_OP type=kotlin.coroutines.Continuation<*> origin=IMPLICIT_CAST typeOperand=kotlin.coroutines.Continuation<*>
                    GET_VAR 'p2: kotlin.Any? declared in com.mf.products_list_search.presentation.screens.SearchProductsScreenKt.SearchProductsScreen.<no name provided>.invoke' type=kotlin.Any? origin=null
        CONSTRUCTOR_CALL 'public/*package*/ constructor <init> ($productsListScreenViewModel: com.mf.products_list_search.presentation.viewModels.ProductsSearchViewModel, $completion: kotlin.coroutines.Continuation<com.mf.products_list_search.presentation.screens.SearchProductsScreenKt.SearchProductsScreen.<no name provided>>?) [primary] declared in com.mf.products_list_search.presentation.screens.SearchProductsScreenKt.SearchProductsScreen.<no name provided>' type=com.mf.products_list_search.presentation.screens.SearchProductsScreenKt.SearchProductsScreen.<no name provided> origin=null
          $productsListScreenViewModel: GET_VAR 'val productsListScreenViewModel: com.mf.products_list_search.presentation.viewModels.ProductsSearchViewModel [val] declared in com.mf.products_list_search.presentation.screens.SearchProductsScreenKt.SearchProductsScreen' type=com.mf.products_list_search.presentation.viewModels.ProductsSearchViewModel origin=null
          $completion: CONST Null type=kotlin.Nothing? value=null
    CALL 'public final fun LaunchedEffect (key1: kotlin.Any?, block: @[ExtensionFunctionType] kotlin.coroutines.SuspendFunction1<kotlinx.coroutines.CoroutineScope, kotlin.Unit>): kotlin.Unit declared in androidx.compose.runtime.EffectsKt' type=kotlin.Unit origin=null
      key1: GET_VAR 'var execSearchState: androidx.compose.runtime.State<kotlin.Boolean> [var] declared in com.mf.products_list_search.presentation.screens.SearchProductsScreenKt.SearchProductsScreen' type=androidx.compose.runtime.State<kotlin.Boolean> origin=null
      block: BLOCK type=com.mf.products_list_search.presentation.screens.SearchProductsScreenKt.SearchProductsScreen.<no name provided> origin=null
        CLASS SUSPEND_LAMBDA CLASS name:<no name provided> modality:FINAL visibility:public/*package*/ superTypes:[kotlin.coroutines.jvm.internal.SuspendLambda; kotlin.jvm.functions.Function2<kotlinx.coroutines.CoroutineScope, kotlin.coroutines.Continuation<kotlin.Unit>?, kotlin.Any?>]
          $this: VALUE_PARAMETER INSTANCE_RECEIVER name:<this> type:com.mf.products_list_search.presentation.screens.SearchProductsScreenKt.SearchProductsScreen.<no name provided>
          FIELD name:label type:kotlin.Int visibility:public/*package*/
          CONSTRUCTOR SUSPEND_LAMBDA visibility:public/*package*/ <> ($productsListScreenViewModel:com.mf.products_list_search.presentation.viewModels.ProductsSearchViewModel, $searchQuery$delegate:androidx.compose.runtime.MutableState<kotlin.String>, $execSearch$delegate:androidx.compose.runtime.MutableState<kotlin.Boolean>, $completion:kotlin.coroutines.Continuation<com.mf.products_list_search.presentation.screens.SearchProductsScreenKt.SearchProductsScreen.<no name provided>>?) returnType:com.mf.products_list_search.presentation.screens.SearchProductsScreenKt.SearchProductsScreen.<no name provided> [primary]
            VALUE_PARAMETER BOUND_VALUE_PARAMETER name:$productsListScreenViewModel index:0 type:com.mf.products_list_search.presentation.viewModels.ProductsSearchViewModel
            VALUE_PARAMETER BOUND_VALUE_PARAMETER name:$searchQuery$delegate index:1 type:androidx.compose.runtime.MutableState<kotlin.String>
            VALUE_PARAMETER BOUND_VALUE_PARAMETER name:$execSearch$delegate index:2 type:androidx.compose.runtime.MutableState<kotlin.Boolean>
            VALUE_PARAMETER name:$completion index:3 type:kotlin.coroutines.Continuation<com.mf.products_list_search.presentation.screens.SearchProductsScreenKt.SearchProductsScreen.<no name provided>>?
            BLOCK_BODY
              SET_FIELD 'FIELD FIELD_FOR_CAPTURED_VALUE name:$productsListScreenViewModel type:com.mf.products_list_search.presentation.viewModels.ProductsSearchViewModel visibility:public/*package*/ [final] declared in com.mf.products_list_search.presentation.screens.SearchProductsScreenKt.SearchProductsScreen.<no name provided>' type=kotlin.Unit origin=INITIALIZER_OF_FIELD_FOR_CAPTURED_VALUE
                receiver: GET_VAR '<this>: com.mf.products_list_search.presentation.screens.SearchProductsScreenKt.SearchProductsScreen.<no name provided> declared in com.mf.products_list_search.presentation.screens.SearchProductsScreenKt.SearchProductsScreen.<no name provided>' type=com.mf.products_list_search.presentation.screens.SearchProductsScreenKt.SearchProductsScreen.<no name provided> origin=null
                value: GET_VAR '$productsListScreenViewModel: com.mf.products_list_search.presentation.viewModels.ProductsSearchViewModel declared in com.mf.products_list_search.presentation.screens.SearchProductsScreenKt.SearchProductsScreen.<no name provided>.<init>' type=com.mf.products_list_search.presentation.viewModels.ProductsSearchViewModel origin=null
              SET_FIELD 'FIELD FIELD_FOR_CAPTURED_VALUE name:$searchQuery$delegate type:androidx.compose.runtime.MutableState<kotlin.String> visibility:public/*package*/ [final] declared in com.mf.products_list_search.presentation.screens.SearchProductsScreenKt.SearchProductsScreen.<no name provided>' type=kotlin.Unit origin=INITIALIZER_OF_FIELD_FOR_CAPTURED_VALUE
                receiver: GET_VAR '<this>: com.mf.products_list_search.presentation.screens.SearchProductsScreenKt.SearchProductsScreen.<no name provided> declared in com.mf.products_list_search.presentation.screens.SearchProductsScreenKt.SearchProductsScreen.<no name provided>' type=com.mf.products_list_search.presentation.screens.SearchProductsScreenKt.SearchProductsScreen.<no name provided> origin=null
                value: GET_VAR '$searchQuery$delegate: androidx.compose.runtime.MutableState<kotlin.String> declared in com.mf.products_list_search.presentation.screens.SearchProductsScreenKt.SearchProductsScreen.<no name provided>.<init>' type=androidx.compose.runtime.MutableState<kotlin.String> origin=null
              SET_FIELD 'FIELD FIELD_FOR_CAPTURED_VALUE name:$execSearch$delegate type:androidx.compose.runtime.MutableState<kotlin.Boolean> visibility:public/*package*/ [final] declared in com.mf.products_list_search.presentation.screens.SearchProductsScreenKt.SearchProductsScreen.<no name provided>' type=kotlin.Unit origin=INITIALIZER_OF_FIELD_FOR_CAPTURED_VALUE
                receiver: GET_VAR '<this>: com.mf.products_list_search.presentation.screens.SearchProductsScreenKt.SearchProductsScreen.<no name provided> declared in com.mf.products_list_search.presentation.screens.SearchProductsScreenKt.SearchProductsScreen.<no name provided>' type=com.mf.products_list_search.presentation.screens.SearchProductsScreenKt.SearchProductsScreen.<no name provided> origin=null
                value: GET_VAR '$execSearch$delegate: androidx.compose.runtime.MutableState<kotlin.Boolean> declared in com.mf.products_list_search.presentation.screens.SearchProductsScreenKt.SearchProductsScreen.<no name provided>.<init>' type=androidx.compose.runtime.MutableState<kotlin.Boolean> origin=null
              DELEGATING_CONSTRUCTOR_CALL 'public constructor <init> (arity: kotlin.Int, $completion: kotlin.coroutines.Continuation<kotlin.Any?>?) declared in kotlin.coroutines.jvm.internal.SuspendLambda'
                arity: CONST Int type=kotlin.Int value=2
                $completion: GET_VAR '$completion: kotlin.coroutines.Continuation<com.mf.products_list_search.presentation.screens.SearchProductsScreenKt.SearchProductsScreen.<no name provided>>? declared in com.mf.products_list_search.presentation.screens.SearchProductsScreenKt.SearchProductsScreen.<no name provided>.<init>' type=kotlin.coroutines.Continuation<com.mf.products_list_search.presentation.screens.SearchProductsScreenKt.SearchProductsScreen.<no name provided>>? origin=null
              BLOCK type=kotlin.Unit origin=null
          FUN name:invokeSuspend visibility:public modality:FINAL <> ($this:com.mf.products_list_search.presentation.screens.SearchProductsScreenKt.SearchProductsScreen.<no name provided>, $result:kotlin.Result<kotlin.Any?>) returnType:kotlin.Any?
            overridden:
              protected abstract fun invokeSuspend ($result: kotlin.Result<kotlin.Any?>): kotlin.Any? declared in kotlin.coroutines.jvm.internal.SuspendLambda
            $this: VALUE_PARAMETER INSTANCE_RECEIVER name:<this> type:com.mf.products_list_search.presentation.screens.SearchProductsScreenKt.SearchProductsScreen.<no name provided>
            VALUE_PARAMETER name:$result index:0 type:kotlin.Result<kotlin.Any?>
            BLOCK_BODY
              CALL 'public final fun execSearch (query: kotlin.String): kotlin.Unit declared in com.mf.products_list_search.presentation.viewModels.ProductsSearchViewModel' type=kotlin.Unit origin=null
                $this: GET_FIELD 'FIELD FIELD_FOR_CAPTURED_VALUE name:$productsListScreenViewModel type:com.mf.products_list_search.presentation.viewModels.ProductsSearchViewModel visibility:public/*package*/ [final] declared in com.mf.products_list_search.presentation.screens.SearchProductsScreenKt.SearchProductsScreen.<no name provided>' type=com.mf.products_list_search.presentation.viewModels.ProductsSearchViewModel origin=null
                  receiver: GET_VAR '<this>: com.mf.products_list_search.presentation.screens.SearchProductsScreenKt.SearchProductsScreen.<no name provided> declared in com.mf.products_list_search.presentation.screens.SearchProductsScreenKt.SearchProductsScreen.<no name provided>.invokeSuspend' type=com.mf.products_list_search.presentation.screens.SearchProductsScreenKt.SearchProductsScreen.<no name provided> origin=null
                query: CALL 'public final fun access$SearchProductsScreen$lambda$4 ($searchQuery$delegate: androidx.compose.runtime.MutableState<kotlin.String>): kotlin.String declared in com.mf.products_list_search.presentation.screens.SearchProductsScreenKt' type=kotlin.String origin=GET_LOCAL_PROPERTY
                  $searchQuery$delegate: GET_FIELD 'FIELD FIELD_FOR_CAPTURED_VALUE name:$searchQuery$delegate type:androidx.compose.runtime.MutableState<kotlin.String> visibility:public/*package*/ [final] declared in com.mf.products_list_search.presentation.screens.SearchProductsScreenKt.SearchProductsScreen.<no name provided>' type=androidx.compose.runtime.MutableState<kotlin.String> origin=null
                    receiver: GET_VAR '<this>: com.mf.products_list_search.presentation.screens.SearchProductsScreenKt.SearchProductsScreen.<no name provided> declared in com.mf.products_list_search.presentation.screens.SearchProductsScreenKt.SearchProductsScreen.<no name provided>.invokeSuspend' type=com.mf.products_list_search.presentation.screens.SearchProductsScreenKt.SearchProductsScreen.<no name provided> origin=null
              CALL 'public final fun access$SearchProductsScreen$lambda$2 ($execSearch$delegate: androidx.compose.runtime.MutableState<kotlin.Boolean>, <set-?>: kotlin.Boolean): kotlin.Unit declared in com.mf.products_list_search.presentation.screens.SearchProductsScreenKt' type=kotlin.Unit origin=EQ
                $execSearch$delegate: GET_FIELD 'FIELD FIELD_FOR_CAPTURED_VALUE name:$execSearch$delegate type:androidx.compose.runtime.MutableState<kotlin.Boolean> visibility:public/*package*/ [final] declared in com.mf.products_list_search.presentation.screens.SearchProductsScreenKt.SearchProductsScreen.<no name provided>' type=androidx.compose.runtime.MutableState<kotlin.Boolean> origin=null
                  receiver: GET_VAR '<this>: com.mf.products_list_search.presentation.screens.SearchProductsScreenKt.SearchProductsScreen.<no name provided> declared in com.mf.products_list_search.presentation.screens.SearchProductsScreenKt.SearchProductsScreen.<no name provided>.invokeSuspend' type=com.mf.products_list_search.presentation.screens.SearchProductsScreenKt.SearchProductsScreen.<no name provided> origin=null
                <set-?>: CONST Boolean type=kotlin.Boolean value=false
          FUN name:create visibility:public modality:FINAL <> ($this:com.mf.products_list_search.presentation.screens.SearchProductsScreenKt.SearchProductsScreen.<no name provided>, value:kotlin.Any?, $completion:kotlin.coroutines.Continuation<kotlin.Nothing>) returnType:kotlin.coroutines.Continuation<kotlin.Unit>
            overridden:
              public open fun create (value: kotlin.Any?, $completion: kotlin.coroutines.Continuation<kotlin.Nothing>): kotlin.coroutines.Continuation<kotlin.Unit> declared in kotlin.coroutines.jvm.internal.SuspendLambda
            $this: VALUE_PARAMETER INSTANCE_RECEIVER name:<this> type:com.mf.products_list_search.presentation.screens.SearchProductsScreenKt.SearchProductsScreen.<no name provided>
            VALUE_PARAMETER name:value index:0 type:kotlin.Any?
            VALUE_PARAMETER name:$completion index:1 type:kotlin.coroutines.Continuation<kotlin.Nothing>
            BLOCK_BODY
              RETURN type=kotlin.Nothing from='public final fun create (value: kotlin.Any?, $completion: kotlin.coroutines.Continuation<kotlin.Nothing>): kotlin.coroutines.Continuation<kotlin.Unit> declared in com.mf.products_list_search.presentation.screens.SearchProductsScreenKt.SearchProductsScreen.<no name provided>'
                CONSTRUCTOR_CALL 'public/*package*/ constructor <init> ($productsListScreenViewModel: com.mf.products_list_search.presentation.viewModels.ProductsSearchViewModel, $searchQuery$delegate: androidx.compose.runtime.MutableState<kotlin.String>, $execSearch$delegate: androidx.compose.runtime.MutableState<kotlin.Boolean>, $completion: kotlin.coroutines.Continuation<com.mf.products_list_search.presentation.screens.SearchProductsScreenKt.SearchProductsScreen.<no name provided>>?) [primary] declared in com.mf.products_list_search.presentation.screens.SearchProductsScreenKt.SearchProductsScreen.<no name provided>' type=com.mf.products_list_search.presentation.screens.SearchProductsScreenKt.SearchProductsScreen.<no name provided> origin=null
                  $productsListScreenViewModel: GET_FIELD 'FIELD FIELD_FOR_CAPTURED_VALUE name:$productsListScreenViewModel type:com.mf.products_list_search.presentation.viewModels.ProductsSearchViewModel visibility:public/*package*/ [final] declared in com.mf.products_list_search.presentation.screens.SearchProductsScreenKt.SearchProductsScreen.<no name provided>' type=com.mf.products_list_search.presentation.viewModels.ProductsSearchViewModel origin=null
                    receiver: GET_VAR '<this>: com.mf.products_list_search.presentation.screens.SearchProductsScreenKt.SearchProductsScreen.<no name provided> declared in com.mf.products_list_search.presentation.screens.SearchProductsScreenKt.SearchProductsScreen.<no name provided>.create' type=com.mf.products_list_search.presentation.screens.SearchProductsScreenKt.SearchProductsScreen.<no name provided> origin=null
                  $searchQuery$delegate: GET_FIELD 'FIELD FIELD_FOR_CAPTURED_VALUE name:$searchQuery$delegate type:androidx.compose.runtime.MutableState<kotlin.String> visibility:public/*package*/ [final] declared in com.mf.products_list_search.presentation.screens.SearchProductsScreenKt.SearchProductsScreen.<no name provided>' type=androidx.compose.runtime.MutableState<kotlin.String> origin=null
                    receiver: GET_VAR '<this>: com.mf.products_list_search.presentation.screens.SearchProductsScreenKt.SearchProductsScreen.<no name provided> declared in com.mf.products_list_search.presentation.screens.SearchProductsScreenKt.SearchProductsScreen.<no name provided>.create' type=com.mf.products_list_search.presentation.screens.SearchProductsScreenKt.SearchProductsScreen.<no name provided> origin=null
                  $execSearch$delegate: GET_FIELD 'FIELD FIELD_FOR_CAPTURED_VALUE name:$execSearch$delegate type:androidx.compose.runtime.MutableState<kotlin.Boolean> visibility:public/*package*/ [final] declared in com.mf.products_list_search.presentation.screens.SearchProductsScreenKt.SearchProductsScreen.<no name provided>' type=androidx.compose.runtime.MutableState<kotlin.Boolean> origin=null
                    receiver: GET_VAR '<this>: com.mf.products_list_search.presentation.screens.SearchProductsScreenKt.SearchProductsScreen.<no name provided> declared in com.mf.products_list_search.presentation.screens.SearchProductsScreenKt.SearchProductsScreen.<no name provided>.create' type=com.mf.products_list_search.presentation.screens.SearchProductsScreenKt.SearchProductsScreen.<no name provided> origin=null
                  $completion: GET_VAR '$completion: kotlin.coroutines.Continuation<kotlin.Nothing> declared in com.mf.products_list_search.presentation.screens.SearchProductsScreenKt.SearchProductsScreen.<no name provided>.create' type=kotlin.coroutines.Continuation<kotlin.Nothing> origin=null
          FUN name:invoke visibility:public modality:FINAL <> ($this:com.mf.products_list_search.presentation.screens.SearchProductsScreenKt.SearchProductsScreen.<no name provided>, p1:kotlinx.coroutines.CoroutineScope, p2:kotlin.coroutines.Continuation<kotlin.Unit>?) returnType:kotlin.Any?
            overridden:
              public abstract fun invoke (p1: P1 of kotlin.jvm.functions.Function2, p2: P2 of kotlin.jvm.functions.Function2): R of kotlin.jvm.functions.Function2 declared in kotlin.jvm.functions.Function2
            $this: VALUE_PARAMETER INSTANCE_RECEIVER name:<this> type:com.mf.products_list_search.presentation.screens.SearchProductsScreenKt.SearchProductsScreen.<no name provided>
            VALUE_PARAMETER name:p1 index:0 type:kotlinx.coroutines.CoroutineScope
            VALUE_PARAMETER name:p2 index:1 type:kotlin.coroutines.Continuation<kotlin.Unit>?
            BLOCK_BODY
              RETURN type=kotlin.Nothing from='public final fun invoke (p1: kotlinx.coroutines.CoroutineScope, p2: kotlin.coroutines.Continuation<kotlin.Unit>?): kotlin.Any? declared in com.mf.products_list_search.presentation.screens.SearchProductsScreenKt.SearchProductsScreen.<no name provided>'
                CALL 'public final fun invokeSuspend ($result: kotlin.Result<kotlin.Any?>): kotlin.Any? declared in com.mf.products_list_search.presentation.screens.SearchProductsScreenKt.SearchProductsScreen.<no name provided>' type=kotlin.Any? origin=null
                  $this: TYPE_OP type=com.mf.products_list_search.presentation.screens.SearchProductsScreenKt.SearchProductsScreen.<no name provided> origin=IMPLICIT_CAST typeOperand=com.mf.products_list_search.presentation.screens.SearchProductsScreenKt.SearchProductsScreen.<no name provided>
                    CALL 'public final fun create (value: kotlin.Any?, $completion: kotlin.coroutines.Continuation<kotlin.Nothing>): kotlin.coroutines.Continuation<kotlin.Unit> declared in com.mf.products_list_search.presentation.screens.SearchProductsScreenKt.SearchProductsScreen.<no name provided>' type=kotlin.coroutines.Continuation<kotlin.Unit> origin=null
                      $this: GET_VAR '<this>: com.mf.products_list_search.presentation.screens.SearchProductsScreenKt.SearchProductsScreen.<no name provided> declared in com.mf.products_list_search.presentation.screens.SearchProductsScreenKt.SearchProductsScreen.<no name provided>.invoke' type=com.mf.products_list_search.presentation.screens.SearchProductsScreenKt.SearchProductsScreen.<no name provided> origin=null
                      value: GET_VAR 'p1: kotlinx.coroutines.CoroutineScope declared in com.mf.products_list_search.presentation.screens.SearchProductsScreenKt.SearchProductsScreen.<no name provided>.invoke' type=kotlinx.coroutines.CoroutineScope origin=null
                      $completion: GET_VAR 'p2: kotlin.coroutines.Continuation<kotlin.Unit>? declared in com.mf.products_list_search.presentation.screens.SearchProductsScreenKt.SearchProductsScreen.<no name provided>.invoke' type=kotlin.coroutines.Continuation<kotlin.Unit>? origin=null
                  $result: CALL 'public final fun <unsafe-coerce> <T, R> (v: T of kotlin.jvm.internal.<unsafe-coerce>): R of kotlin.jvm.internal.<unsafe-coerce> declared in kotlin.jvm.internal' type=kotlin.Result<kotlin.Any?> origin=null
                    <T>: kotlin.Any?
                    <R>: kotlin.Result<kotlin.Any?>
                    v: GET_FIELD 'FIELD FIELD_FOR_OBJECT_INSTANCE name:INSTANCE type:kotlin.Unit visibility:public [final,static] declared in kotlin.Unit' type=kotlin.Unit origin=null
          FIELD FIELD_FOR_CAPTURED_VALUE name:$productsListScreenViewModel type:com.mf.products_list_search.presentation.viewModels.ProductsSearchViewModel visibility:public/*package*/ [final]
          FIELD FIELD_FOR_CAPTURED_VALUE name:$searchQuery$delegate type:androidx.compose.runtime.MutableState<kotlin.String> visibility:public/*package*/ [final]
          FIELD FIELD_FOR_CAPTURED_VALUE name:$execSearch$delegate type:androidx.compose.runtime.MutableState<kotlin.Boolean> visibility:public/*package*/ [final]
          FUN BRIDGE name:invoke visibility:public modality:OPEN <> ($this:com.mf.products_list_search.presentation.screens.SearchProductsScreenKt.SearchProductsScreen.<no name provided>, p1:kotlin.Any?, p2:kotlin.Any?) returnType:kotlin.Any?
            $this: VALUE_PARAMETER INSTANCE_RECEIVER name:<this> type:com.mf.products_list_search.presentation.screens.SearchProductsScreenKt.SearchProductsScreen.<no name provided>
            VALUE_PARAMETER BRIDGE name:p1 index:0 type:kotlin.Any?
            VALUE_PARAMETER BRIDGE name:p2 index:1 type:kotlin.Any?
            EXPRESSION_BODY
              RETURN type=kotlin.Nothing from='public open fun invoke (p1: kotlin.Any?, p2: kotlin.Any?): kotlin.Any? declared in com.mf.products_list_search.presentation.screens.SearchProductsScreenKt.SearchProductsScreen.<no name provided>'
                CALL 'public final fun invoke (p1: kotlinx.coroutines.CoroutineScope, p2: kotlin.coroutines.Continuation<kotlin.Unit>?): kotlin.Any? declared in com.mf.products_list_search.presentation.screens.SearchProductsScreenKt.SearchProductsScreen.<no name provided>' type=kotlin.Any? origin=BRIDGE_DELEGATION
                  $this: GET_VAR '<this>: com.mf.products_list_search.presentation.screens.SearchProductsScreenKt.SearchProductsScreen.<no name provided> declared in com.mf.products_list_search.presentation.screens.SearchProductsScreenKt.SearchProductsScreen.<no name provided>.invoke' type=com.mf.products_list_search.presentation.screens.SearchProductsScreenKt.SearchProductsScreen.<no name provided> origin=null
                  p1: TYPE_OP type=kotlinx.coroutines.CoroutineScope origin=IMPLICIT_CAST typeOperand=kotlinx.coroutines.CoroutineScope
                    GET_VAR 'p1: kotlin.Any? declared in com.mf.products_list_search.presentation.screens.SearchProductsScreenKt.SearchProductsScreen.<no name provided>.invoke' type=kotlin.Any? origin=null
                  p2: TYPE_OP type=kotlin.coroutines.Continuation<*> origin=IMPLICIT_CAST typeOperand=kotlin.coroutines.Continuation<*>
                    GET_VAR 'p2: kotlin.Any? declared in com.mf.products_list_search.presentation.screens.SearchProductsScreenKt.SearchProductsScreen.<no name provided>.invoke' type=kotlin.Any? origin=null
        CONSTRUCTOR_CALL 'public/*package*/ constructor <init> ($productsListScreenViewModel: com.mf.products_list_search.presentation.viewModels.ProductsSearchViewModel, $searchQuery$delegate: androidx.compose.runtime.MutableState<kotlin.String>, $execSearch$delegate: androidx.compose.runtime.MutableState<kotlin.Boolean>, $completion: kotlin.coroutines.Continuation<com.mf.products_list_search.presentation.screens.SearchProductsScreenKt.SearchProductsScreen.<no name provided>>?) [primary] declared in com.mf.products_list_search.presentation.screens.SearchProductsScreenKt.SearchProductsScreen.<no name provided>' type=com.mf.products_list_search.presentation.screens.SearchProductsScreenKt.SearchProductsScreen.<no name provided> origin=null
          $productsListScreenViewModel: GET_VAR 'val productsListScreenViewModel: com.mf.products_list_search.presentation.viewModels.ProductsSearchViewModel [val] declared in com.mf.products_list_search.presentation.screens.SearchProductsScreenKt.SearchProductsScreen' type=com.mf.products_list_search.presentation.viewModels.ProductsSearchViewModel origin=null
          $searchQuery$delegate: GET_VAR 'val searchQuery$delegate: androidx.compose.runtime.MutableState<kotlin.String> [val] declared in com.mf.products_list_search.presentation.screens.SearchProductsScreenKt.SearchProductsScreen' type=androidx.compose.runtime.MutableState<kotlin.String> origin=null
          $execSearch$delegate: GET_VAR 'val execSearch$delegate: androidx.compose.runtime.MutableState<kotlin.Boolean> [val] declared in com.mf.products_list_search.presentation.screens.SearchProductsScreenKt.SearchProductsScreen' type=androidx.compose.runtime.MutableState<kotlin.Boolean> origin=null
          $completion: CONST Null type=kotlin.Nothing? value=null
    WHEN type=kotlin.Unit origin=IF
      BRANCH
        if: CALL 'public final fun isDataSuccess (): kotlin.Boolean [inline] declared in com.mf.products_list_search.domain.models.ProductsSearchUiStates' type=kotlin.Boolean origin=null
          $this: TYPE_OP type=com.mf.products_list_search.domain.models.ProductsSearchUiStates<T of com.mf.products_list_search.domain.models.ProductsSearchUiStates> origin=IMPLICIT_CAST typeOperand=com.mf.products_list_search.domain.models.ProductsSearchUiStates<T of com.mf.products_list_search.domain.models.ProductsSearchUiStates>
            CALL 'public abstract fun <get-value> (): T of androidx.compose.runtime.State declared in androidx.compose.runtime.State' type=com.mf.products_list_search.domain.models.ProductsSearchUiStates<*> origin=GET_PROPERTY
              $this: GET_VAR 'val productsFLow: androidx.compose.runtime.State<com.mf.products_list_search.domain.models.ProductsSearchUiStates<*>> [val] declared in com.mf.products_list_search.presentation.screens.SearchProductsScreenKt.SearchProductsScreen' type=androidx.compose.runtime.State<com.mf.products_list_search.domain.models.ProductsSearchUiStates<*>> origin=null
        then: BLOCK type=kotlin.Unit origin=null
          CALL 'public final fun Column$default (modifier: androidx.compose.ui.Modifier?, verticalArrangement: androidx.compose.foundation.layout.Arrangement.Vertical?, horizontalAlignment: androidx.compose.ui.Alignment.Horizontal?, content: @[Composable] @[ExtensionFunctionType] kotlin.Function1<androidx.compose.foundation.layout.ColumnScope, kotlin.Unit>, $mask0: kotlin.Int, $handler: kotlin.Any?): kotlin.Unit [inline] declared in androidx.compose.foundation.layout.ColumnKt' type=kotlin.Unit origin=DEFAULT_DISPATCH_CALL
            modifier: COMPOSITE type=androidx.compose.ui.Modifier? origin=DEFAULT_VALUE
              CONST Null type=androidx.compose.ui.Modifier? value=null
            verticalArrangement: COMPOSITE type=androidx.compose.foundation.layout.Arrangement.Vertical? origin=DEFAULT_VALUE
              CONST Null type=androidx.compose.foundation.layout.Arrangement.Vertical? value=null
            horizontalAlignment: COMPOSITE type=androidx.compose.ui.Alignment.Horizontal? origin=DEFAULT_VALUE
              CONST Null type=androidx.compose.ui.Alignment.Horizontal? value=null
            content: BLOCK type=@[ExtensionFunctionType] kotlin.Function1<androidx.compose.foundation.layout.ColumnScope, kotlin.Unit> origin=LAMBDA
              COMPOSITE type=kotlin.Unit origin=null
              FUNCTION_REFERENCE 'private final fun SearchProductsScreen$lambda$7 ($modifier: androidx.compose.ui.Modifier, $productsFLow: androidx.compose.runtime.State<com.mf.products_list_search.domain.models.ProductsSearchUiStates<*>>, $searchQuery$delegate: androidx.compose.runtime.MutableState<kotlin.String>, $execSearch$delegate: androidx.compose.runtime.MutableState<kotlin.Boolean>): kotlin.Unit declared in com.mf.products_list_search.presentation.screens.SearchProductsScreenKt' type=@[ExtensionFunctionType] kotlin.Function1<androidx.compose.foundation.layout.ColumnScope, kotlin.Unit> origin=INLINE_LAMBDA reflectionTarget=null
                $modifier: GET_VAR 'modifier: androidx.compose.ui.Modifier declared in com.mf.products_list_search.presentation.screens.SearchProductsScreenKt.SearchProductsScreen' type=androidx.compose.ui.Modifier origin=null
                $productsFLow: GET_VAR 'val productsFLow: androidx.compose.runtime.State<com.mf.products_list_search.domain.models.ProductsSearchUiStates<*>> [val] declared in com.mf.products_list_search.presentation.screens.SearchProductsScreenKt.SearchProductsScreen' type=androidx.compose.runtime.State<com.mf.products_list_search.domain.models.ProductsSearchUiStates<*>> origin=null
                $searchQuery$delegate: GET_VAR 'val searchQuery$delegate: androidx.compose.runtime.MutableState<kotlin.String> [val] declared in com.mf.products_list_search.presentation.screens.SearchProductsScreenKt.SearchProductsScreen' type=androidx.compose.runtime.MutableState<kotlin.String> origin=null
                $execSearch$delegate: GET_VAR 'val execSearch$delegate: androidx.compose.runtime.MutableState<kotlin.Boolean> [val] declared in com.mf.products_list_search.presentation.screens.SearchProductsScreenKt.SearchProductsScreen' type=androidx.compose.runtime.MutableState<kotlin.Boolean> origin=null
            $mask0: CONST Int type=kotlin.Int value=7
            $handler: CONST Null type=kotlin.Any? value=null
      BRANCH
        if: CALL 'public final fun isDataError (): kotlin.Boolean [inline] declared in com.mf.products_list_search.domain.models.ProductsSearchUiStates' type=kotlin.Boolean origin=null
          $this: TYPE_OP type=com.mf.products_list_search.domain.models.ProductsSearchUiStates<T of com.mf.products_list_search.domain.models.ProductsSearchUiStates> origin=IMPLICIT_CAST typeOperand=com.mf.products_list_search.domain.models.ProductsSearchUiStates<T of com.mf.products_list_search.domain.models.ProductsSearchUiStates>
            CALL 'public abstract fun <get-value> (): T of androidx.compose.runtime.State declared in androidx.compose.runtime.State' type=com.mf.products_list_search.domain.models.ProductsSearchUiStates<*> origin=GET_PROPERTY
              $this: GET_VAR 'val productsFLow: androidx.compose.runtime.State<com.mf.products_list_search.domain.models.ProductsSearchUiStates<*>> [val] declared in com.mf.products_list_search.presentation.screens.SearchProductsScreenKt.SearchProductsScreen' type=androidx.compose.runtime.State<com.mf.products_list_search.domain.models.ProductsSearchUiStates<*>> origin=null
        then: CALL 'public final fun Text-80ic1_w$default (text: kotlin.String, modifier: androidx.compose.ui.Modifier?, color: androidx.compose.ui.graphics.Color, fontSize: androidx.compose.ui.unit.TextUnit, fontStyle: androidx.compose.ui.text.font.FontStyle?, fontWeight: androidx.compose.ui.text.font.FontWeight?, fontFamily: androidx.compose.ui.text.font.FontFamily?, letterSpacing: androidx.compose.ui.unit.TextUnit, textDecoration: androidx.compose.ui.text.style.TextDecoration?, textAlign: androidx.compose.ui.text.style.TextAlign?, lineHeight: androidx.compose.ui.unit.TextUnit, overflow: androidx.compose.ui.text.style.TextOverflow, softWrap: kotlin.Boolean, maxLines: kotlin.Int, minLines: kotlin.Int, onTextLayout: kotlin.Function1<androidx.compose.ui.text.TextLayoutResult, kotlin.Unit>?, style: androidx.compose.ui.text.TextStyle?, $mask0: kotlin.Int, $handler: kotlin.Any?): kotlin.Unit declared in androidx.compose.material3.TextKt' type=kotlin.Unit origin=DEFAULT_DISPATCH_CALL
          text: CALL 'public final fun <get-message> (): kotlin.String declared in com.mf.products_list_search.domain.models.ProductsSearchUiStates.DataError' type=kotlin.String origin=GET_PROPERTY
            $this: BLOCK type=com.mf.products_list_search.domain.models.ProductsSearchUiStates.DataError origin=null
              VAR IR_TEMPORARY_VARIABLE name:tmp0 type:kotlin.Any? [val]
                CALL 'public abstract fun <get-value> (): T of androidx.compose.runtime.State declared in androidx.compose.runtime.State' type=com.mf.products_list_search.domain.models.ProductsSearchUiStates<*> origin=GET_PROPERTY
                  $this: GET_VAR 'val productsFLow: androidx.compose.runtime.State<com.mf.products_list_search.domain.models.ProductsSearchUiStates<*>> [val] declared in com.mf.products_list_search.presentation.screens.SearchProductsScreenKt.SearchProductsScreen' type=androidx.compose.runtime.State<com.mf.products_list_search.domain.models.ProductsSearchUiStates<*>> origin=null
              CALL 'public final fun checkNotNull (object: kotlin.Any?, message: kotlin.String): kotlin.Unit declared in kotlin.jvm.internal.Intrinsics' type=kotlin.Unit origin=null
                object: GET_VAR 'val tmp0: kotlin.Any? [val] declared in com.mf.products_list_search.presentation.screens.SearchProductsScreenKt.SearchProductsScreen' type=kotlin.Any? origin=null
                message: CONST String type=kotlin.String value="null cannot be cast to non-null type com.mf.products_list_search.domain.models.ProductsSearchUiStates.DataError"
              TYPE_OP type=com.mf.products_list_search.domain.models.ProductsSearchUiStates.DataError? origin=CAST typeOperand=com.mf.products_list_search.domain.models.ProductsSearchUiStates.DataError?
                GET_VAR 'val tmp0: kotlin.Any? [val] declared in com.mf.products_list_search.presentation.screens.SearchProductsScreenKt.SearchProductsScreen' type=kotlin.Any? origin=null
          modifier: COMPOSITE type=androidx.compose.ui.Modifier? origin=DEFAULT_VALUE
            CONST Null type=androidx.compose.ui.Modifier? value=null
          color: COMPOSITE type=androidx.compose.ui.graphics.Color origin=DEFAULT_VALUE
            CALL 'public final fun <unsafe-coerce> <T, R> (v: T of kotlin.jvm.internal.<unsafe-coerce>): R of kotlin.jvm.internal.<unsafe-coerce> declared in kotlin.jvm.internal' type=androidx.compose.ui.graphics.Color origin=null
              <T>: kotlin.Long
              <R>: androidx.compose.ui.graphics.Color
              v: CONST Long type=kotlin.Long value=0
          fontSize: COMPOSITE type=androidx.compose.ui.unit.TextUnit origin=DEFAULT_VALUE
            CALL 'public final fun <unsafe-coerce> <T, R> (v: T of kotlin.jvm.internal.<unsafe-coerce>): R of kotlin.jvm.internal.<unsafe-coerce> declared in kotlin.jvm.internal' type=androidx.compose.ui.unit.TextUnit origin=null
              <T>: kotlin.Long
              <R>: androidx.compose.ui.unit.TextUnit
              v: CONST Long type=kotlin.Long value=0
          fontStyle: COMPOSITE type=androidx.compose.ui.text.font.FontStyle? origin=DEFAULT_VALUE
            CONST Null type=androidx.compose.ui.text.font.FontStyle? value=null
          fontWeight: COMPOSITE type=androidx.compose.ui.text.font.FontWeight? origin=DEFAULT_VALUE
            CONST Null type=androidx.compose.ui.text.font.FontWeight? value=null
          fontFamily: COMPOSITE type=androidx.compose.ui.text.font.FontFamily? origin=DEFAULT_VALUE
            CONST Null type=androidx.compose.ui.text.font.FontFamily? value=null
          letterSpacing: COMPOSITE type=androidx.compose.ui.unit.TextUnit origin=DEFAULT_VALUE
            CALL 'public final fun <unsafe-coerce> <T, R> (v: T of kotlin.jvm.internal.<unsafe-coerce>): R of kotlin.jvm.internal.<unsafe-coerce> declared in kotlin.jvm.internal' type=androidx.compose.ui.unit.TextUnit origin=null
              <T>: kotlin.Long
              <R>: androidx.compose.ui.unit.TextUnit
              v: CONST Long type=kotlin.Long value=0
          textDecoration: COMPOSITE type=androidx.compose.ui.text.style.TextDecoration? origin=DEFAULT_VALUE
            CONST Null type=androidx.compose.ui.text.style.TextDecoration? value=null
          textAlign: COMPOSITE type=androidx.compose.ui.text.style.TextAlign? origin=DEFAULT_VALUE
            CONST Null type=androidx.compose.ui.text.style.TextAlign? value=null
          lineHeight: COMPOSITE type=androidx.compose.ui.unit.TextUnit origin=DEFAULT_VALUE
            CALL 'public final fun <unsafe-coerce> <T, R> (v: T of kotlin.jvm.internal.<unsafe-coerce>): R of kotlin.jvm.internal.<unsafe-coerce> declared in kotlin.jvm.internal' type=androidx.compose.ui.unit.TextUnit origin=null
              <T>: kotlin.Long
              <R>: androidx.compose.ui.unit.TextUnit
              v: CONST Long type=kotlin.Long value=0
          overflow: COMPOSITE type=androidx.compose.ui.text.style.TextOverflow origin=DEFAULT_VALUE
            CALL 'public final fun <unsafe-coerce> <T, R> (v: T of kotlin.jvm.internal.<unsafe-coerce>): R of kotlin.jvm.internal.<unsafe-coerce> declared in kotlin.jvm.internal' type=androidx.compose.ui.text.style.TextOverflow origin=null
              <T>: kotlin.Int
              <R>: androidx.compose.ui.text.style.TextOverflow
              v: CONST Int type=kotlin.Int value=0
          softWrap: COMPOSITE type=kotlin.Boolean origin=DEFAULT_VALUE
            CONST Boolean type=kotlin.Boolean value=false
          maxLines: COMPOSITE type=kotlin.Int origin=DEFAULT_VALUE
            CONST Int type=kotlin.Int value=0
          minLines: COMPOSITE type=kotlin.Int origin=DEFAULT_VALUE
            CONST Int type=kotlin.Int value=0
          onTextLayout: COMPOSITE type=kotlin.Function1<androidx.compose.ui.text.TextLayoutResult, kotlin.Unit>? origin=DEFAULT_VALUE
            CONST Null type=kotlin.Function1<androidx.compose.ui.text.TextLayoutResult, kotlin.Unit>? value=null
          style: COMPOSITE type=androidx.compose.ui.text.TextStyle? origin=DEFAULT_VALUE
            CONST Null type=androidx.compose.ui.text.TextStyle? value=null
          $mask0: CONST Int type=kotlin.Int value=131070
          $handler: CONST Null type=kotlin.Any? value=null
      BRANCH
        if: CALL 'public final fun isDataLoading (): kotlin.Boolean [inline] declared in com.mf.products_list_search.domain.models.ProductsSearchUiStates' type=kotlin.Boolean origin=null
          $this: TYPE_OP type=com.mf.products_list_search.domain.models.ProductsSearchUiStates<T of com.mf.products_list_search.domain.models.ProductsSearchUiStates> origin=IMPLICIT_CAST typeOperand=com.mf.products_list_search.domain.models.ProductsSearchUiStates<T of com.mf.products_list_search.domain.models.ProductsSearchUiStates>
            CALL 'public abstract fun <get-value> (): T of androidx.compose.runtime.State declared in androidx.compose.runtime.State' type=com.mf.products_list_search.domain.models.ProductsSearchUiStates<*> origin=GET_PROPERTY
              $this: GET_VAR 'val productsFLow: androidx.compose.runtime.State<com.mf.products_list_search.domain.models.ProductsSearchUiStates<*>> [val] declared in com.mf.products_list_search.presentation.screens.SearchProductsScreenKt.SearchProductsScreen' type=androidx.compose.runtime.State<com.mf.products_list_search.domain.models.ProductsSearchUiStates<*>> origin=null
        then: CALL 'public final fun CircularProgressIndicator-SM89G-M$default (modifier: androidx.compose.ui.Modifier?, color: androidx.compose.ui.graphics.Color, strokeWidth: androidx.compose.ui.unit.Dp, trackColor: androidx.compose.ui.graphics.Color, strokeCap: androidx.compose.ui.graphics.StrokeCap, gapSize: androidx.compose.ui.unit.Dp, $mask0: kotlin.Int, $handler: kotlin.Any?): kotlin.Unit declared in androidx.compose.material3.ProgressIndicatorKt' type=kotlin.Unit origin=DEFAULT_DISPATCH_CALL
          modifier: COMPOSITE type=androidx.compose.ui.Modifier? origin=DEFAULT_VALUE
            CONST Null type=androidx.compose.ui.Modifier? value=null
          color: COMPOSITE type=androidx.compose.ui.graphics.Color origin=DEFAULT_VALUE
            CALL 'public final fun <unsafe-coerce> <T, R> (v: T of kotlin.jvm.internal.<unsafe-coerce>): R of kotlin.jvm.internal.<unsafe-coerce> declared in kotlin.jvm.internal' type=androidx.compose.ui.graphics.Color origin=null
              <T>: kotlin.Long
              <R>: androidx.compose.ui.graphics.Color
              v: CONST Long type=kotlin.Long value=0
          strokeWidth: COMPOSITE type=androidx.compose.ui.unit.Dp origin=DEFAULT_VALUE
            CALL 'public final fun <unsafe-coerce> <T, R> (v: T of kotlin.jvm.internal.<unsafe-coerce>): R of kotlin.jvm.internal.<unsafe-coerce> declared in kotlin.jvm.internal' type=androidx.compose.ui.unit.Dp origin=null
              <T>: kotlin.Float
              <R>: androidx.compose.ui.unit.Dp
              v: CONST Float type=kotlin.Float value=0.0
          trackColor: COMPOSITE type=androidx.compose.ui.graphics.Color origin=DEFAULT_VALUE
            CALL 'public final fun <unsafe-coerce> <T, R> (v: T of kotlin.jvm.internal.<unsafe-coerce>): R of kotlin.jvm.internal.<unsafe-coerce> declared in kotlin.jvm.internal' type=androidx.compose.ui.graphics.Color origin=null
              <T>: kotlin.Long
              <R>: androidx.compose.ui.graphics.Color
              v: CONST Long type=kotlin.Long value=0
          strokeCap: COMPOSITE type=androidx.compose.ui.graphics.StrokeCap origin=DEFAULT_VALUE
            CALL 'public final fun <unsafe-coerce> <T, R> (v: T of kotlin.jvm.internal.<unsafe-coerce>): R of kotlin.jvm.internal.<unsafe-coerce> declared in kotlin.jvm.internal' type=androidx.compose.ui.graphics.StrokeCap origin=null
              <T>: kotlin.Int
              <R>: androidx.compose.ui.graphics.StrokeCap
              v: CONST Int type=kotlin.Int value=0
          gapSize: COMPOSITE type=androidx.compose.ui.unit.Dp origin=DEFAULT_VALUE
            CALL 'public final fun <unsafe-coerce> <T, R> (v: T of kotlin.jvm.internal.<unsafe-coerce>): R of kotlin.jvm.internal.<unsafe-coerce> declared in kotlin.jvm.internal' type=androidx.compose.ui.unit.Dp origin=null
              <T>: kotlin.Float
              <R>: androidx.compose.ui.unit.Dp
              v: CONST Float type=kotlin.Float value=0.0
          $mask0: CONST Int type=kotlin.Int value=63
          $handler: CONST Null type=kotlin.Any? value=null

	at org.jetbrains.kotlin.backend.jvm.codegen.FunctionCodegen.generate(FunctionCodegen.kt:48)
	at org.jetbrains.kotlin.backend.jvm.codegen.FunctionCodegen.generate$default(FunctionCodegen.kt:41)
	at org.jetbrains.kotlin.backend.jvm.codegen.ClassCodegen.generateMethodNode(ClassCodegen.kt:407)
	at org.jetbrains.kotlin.backend.jvm.codegen.ClassCodegen.generateMethod(ClassCodegen.kt:424)
	at org.jetbrains.kotlin.backend.jvm.codegen.ClassCodegen.generate(ClassCodegen.kt:169)
	at org.jetbrains.kotlin.backend.jvm.FileCodegen.lower(JvmPhases.kt:39)
	at org.jetbrains.kotlin.backend.common.phaser.PhaseFactoriesKt.createFilePhase$lambda$4(PhaseFactories.kt:71)
	at org.jetbrains.kotlin.backend.common.phaser.PhaseBuildersKt$createSimpleNamedCompilerPhase$1.phaseBody(PhaseBuilders.kt:69)
	at org.jetbrains.kotlin.backend.common.phaser.SimpleNamedCompilerPhase.phaseBody(CompilerPhase.kt:226)
	at org.jetbrains.kotlin.backend.common.phaser.AbstractNamedCompilerPhase.invoke(CompilerPhase.kt:113)
	at org.jetbrains.kotlin.backend.common.phaser.PerformByIrFilePhase.invokeSequential(performByIrFile.kt:52)
	... 45 more
Caused by: org.jetbrains.kotlin.codegen.CompilationException: Back-end (JVM) Internal error: Couldn't inline method call: CALL 'public final fun hiltViewModel$default <VM> (viewModelStoreOwner: androidx.lifecycle.ViewModelStoreOwner?, key: kotlin.String?, $mask0: kotlin.Int, $handler: kotlin.Any?): VM of androidx.hilt.navigation.compose.HiltViewModelKt.hiltViewModel$default [inline] declared in androidx.hilt.navigation.compose.HiltViewModelKt' type=VM of androidx.hilt.navigation.compose.HiltViewModelKt.hiltViewModel$default origin=DEFAULT_DISPATCH_CALL
Method: null
File is unknown
The root cause java.lang.IllegalStateException was thrown at: org.jetbrains.kotlin.codegen.inline.SourceCompilerForInlineKt.getMethodNode(SourceCompilerForInline.kt:118)
	at org.jetbrains.kotlin.codegen.inline.InlineCodegen.performInline(InlineCodegen.kt:65)
	at org.jetbrains.kotlin.backend.jvm.codegen.IrInlineCodegen.genInlineCall(IrInlineCodegen.kt:163)
	at org.jetbrains.kotlin.backend.jvm.codegen.IrInlineCallGenerator.genCall(IrInlineCallGenerator.kt:36)
	at org.jetbrains.kotlin.backend.jvm.codegen.ExpressionCodegen.visitCall(ExpressionCodegen.kt:598)
	at org.jetbrains.kotlin.backend.jvm.codegen.ExpressionCodegen.visitCall(ExpressionCodegen.kt:134)
	at org.jetbrains.kotlin.ir.expressions.IrCall.accept(IrCall.kt:24)
	at org.jetbrains.kotlin.backend.jvm.codegen.ExpressionCodegen.visitTypeOperator(ExpressionCodegen.kt:1076)
	at org.jetbrains.kotlin.backend.jvm.codegen.ExpressionCodegen.visitTypeOperator(ExpressionCodegen.kt:134)
	at org.jetbrains.kotlin.ir.expressions.IrTypeOperatorCall.accept(IrTypeOperatorCall.kt:26)
	at org.jetbrains.kotlin.backend.jvm.codegen.ExpressionCodegen.visitVariable(ExpressionCodegen.kt:735)
	at org.jetbrains.kotlin.backend.jvm.codegen.ExpressionCodegen.visitVariable(ExpressionCodegen.kt:134)
	at org.jetbrains.kotlin.ir.declarations.IrVariable.accept(IrVariable.kt:36)
	at org.jetbrains.kotlin.backend.jvm.codegen.ExpressionCodegen.visitStatementContainer(ExpressionCodegen.kt:524)
	at org.jetbrains.kotlin.backend.jvm.codegen.ExpressionCodegen.visitBlockBody(ExpressionCodegen.kt:529)
	at org.jetbrains.kotlin.backend.jvm.codegen.ExpressionCodegen.visitBlockBody(ExpressionCodegen.kt:134)
	at org.jetbrains.kotlin.ir.expressions.IrBlockBody.accept(IrBlockBody.kt:20)
	at org.jetbrains.kotlin.backend.jvm.codegen.ExpressionCodegen.generate(ExpressionCodegen.kt:236)
	at org.jetbrains.kotlin.backend.jvm.codegen.FunctionCodegen.doGenerate(FunctionCodegen.kt:124)
	at org.jetbrains.kotlin.backend.jvm.codegen.FunctionCodegen.generate(FunctionCodegen.kt:45)
	... 55 more
Caused by: java.lang.IllegalStateException: couldn't find inline method Landroidx/hilt/navigation/compose/HiltViewModelKt;.hiltViewModel$default(Landroidx/lifecycle/ViewModelStoreOwner;Ljava/lang/String;ILjava/lang/Object;)Landroidx/lifecycle/ViewModel;
	at org.jetbrains.kotlin.codegen.inline.SourceCompilerForInlineKt.getMethodNode(SourceCompilerForInline.kt:118)
	at org.jetbrains.kotlin.codegen.inline.SourceCompilerForInlineKt.loadCompiledInlineFunction(SourceCompilerForInline.kt:96)
	at org.jetbrains.kotlin.backend.jvm.codegen.IrSourceCompilerForInline.compileInlineFunction(IrSourceCompilerForInline.kt:91)
	at org.jetbrains.kotlin.codegen.inline.InlineCodegen.compileInline(InlineCodegen.kt:43)
	at org.jetbrains.kotlin.codegen.inline.InlineCodegen.performInline(InlineCodegen.kt:51)
	... 73 more


